<?xml version="1.0" encoding="UTF-8"?>
<testng-results ignored="0" total="1" passed="1" failed="0" skipped="0">
  <reporter-output>
  </reporter-output>
  <suite started-at="2021-10-26T14:54:41 IST" name="Default suite" finished-at="2021-10-26T14:54:49 IST" duration-ms="7895">
    <groups>
    </groups>
    <test started-at="2021-10-26T14:54:41 IST" name="Default test" finished-at="2021-10-26T14:54:49 IST" duration-ms="7895">
      <class name="tests.HomePageTest">
        <test-method is-config="true" signature="beforeMethod()[pri:0, instance:tests.HomePageTest@57af006c]" started-at="2021-10-26T14:54:41 IST" name="beforeMethod" finished-at="2021-10-26T14:54:48 IST" duration-ms="7055" status="PASS">
          <reporter-output>
          </reporter-output>
        </test-method> <!-- beforeMethod -->
        <test-method signature="f()[pri:0, instance:tests.HomePageTest@57af006c]" started-at="2021-10-26T14:54:48 IST" name="f" finished-at="2021-10-26T14:54:48 IST" duration-ms="11" status="PASS">
          <reporter-output>
          </reporter-output>
        </test-method> <!-- f -->
        <test-method is-config="true" signature="afterMethod()[pri:0, instance:tests.HomePageTest@57af006c]" started-at="2021-10-26T14:54:48 IST" name="afterMethod" finished-at="2021-10-26T14:54:49 IST" duration-ms="787" status="PASS">
          <reporter-output>
          </reporter-output>
        </test-method> <!-- afterMethod -->
      </class> <!-- tests.HomePageTest -->
    </test> <!-- Default test -->
  </suite> <!-- Default suite -->
</testng-results>
