<?xml version="1.0" encoding="UTF-8"?>
<testng-results ignored="0" total="1" passed="1" failed="0" skipped="0">
  <reporter-output>
  </reporter-output>
  <suite started-at="2021-11-03T12:25:31 IST" name="Default suite" finished-at="2021-11-03T12:26:02 IST" duration-ms="31202">
    <groups>
    </groups>
    <test started-at="2021-11-03T12:25:31 IST" name="Default test" finished-at="2021-11-03T12:26:02 IST" duration-ms="31202">
      <class name="tests.ContactPageTest">
        <test-method is-config="true" signature="beforeMethod()[pri:0, instance:tests.ContactPageTest@6babf3bf]" started-at="2021-11-03T12:25:31 IST" name="beforeMethod" finished-at="2021-11-03T12:26:01 IST" duration-ms="29962" status="PASS">
          <reporter-output>
          </reporter-output>
        </test-method> <!-- beforeMethod -->
        <test-method signature="verifyTitle()[pri:1, instance:tests.ContactPageTest@6babf3bf]" started-at="2021-11-03T12:26:01 IST" name="verifyTitle" finished-at="2021-11-03T12:26:02 IST" duration-ms="983" status="PASS">
          <reporter-output>
          </reporter-output>
        </test-method> <!-- verifyTitle -->
        <test-method is-config="true" signature="afterMethod(org.testng.ITestResult)[pri:0, instance:tests.ContactPageTest@6babf3bf]" started-at="2021-11-03T12:26:02 IST" name="afterMethod" finished-at="2021-11-03T12:26:02 IST" duration-ms="213" status="PASS">
          <params>
            <param index="0">
              <value>
                <![CDATA[[TestResult name=verifyTitle status=SUCCESS method=ContactPageTest.verifyTitle()[pri:1, instance:tests.ContactPageTest@6babf3bf] output={null}]]]>
              </value>
            </param>
          </params>
          <reporter-output>
          </reporter-output>
        </test-method> <!-- afterMethod -->
      </class> <!-- tests.ContactPageTest -->
    </test> <!-- Default test -->
  </suite> <!-- Default suite -->
</testng-results>
